Tecplot 16.2.0.71391 Batch Log
ACTION: PAGECONTROL: CREATE
ACTION: LOADADDON
ACTION: LOADADDON
ACTION: LOADADDON
ACTION: LOADADDON
ACTION: LOADADDON
ACTION: LOADADDON
ACTION: LOADADDON
ACTION: LOADADDON
ACTION: LOADADDON
ACTION: LOADADDON
ACTION: LOADADDON
ACTION: LOADADDON
ACTION: LOADADDON
ACTION: LOADADDON
ACTION: LOADADDON
ACTION: LOADADDON
ACTION: LOADADDON
ACTION: LOADADDON
ACTION: LOADADDON
ACTION: LOADADDON
ACTION: LOADADDON
ACTION: LOADADDON
ACTION: LOADADDON
ACTION: LOADADDON
ACTION: LOADADDON
ACTION: LOADADDON
ACTION: LOADADDON
ACTION: LOADADDON
ACTION: LOADADDON
ACTION: LOADADDON
ACTION: LOADADDON
ACTION: LOADADDON
ACTION: LOADADDON
Err: Filename Error: File does not exist.
FileName:
...md/home/bmurray3/Desktop/runge-kutta-test/conv.mcr
Err: Failed to execute macro file
/ump/fldmd/home/bmurray3/Desktop/runge-kutta-test/conv.mcr
