Tecplot 2017.2.0.79771 Batch Log
ACTION: PAGECONTROL: CREATE
ACTION: LOADADDON
ACTION: LOADADDON
ACTION: LOADADDON
ACTION: LOADADDON
ACTION: LOADADDON
ACTION: LOADADDON
ACTION: LOADADDON
ACTION: LOADADDON
ACTION: LOADADDON
ACTION: LOADADDON
ACTION: LOADADDON
ACTION: LOADADDON
ACTION: LOADADDON
ACTION: LOADADDON
ACTION: LOADADDON
ACTION: LOADADDON
ACTION: LOADADDON
ACTION: LOADADDON
ACTION: LOADADDON
ACTION: LOADADDON
ACTION: LOADADDON
ACTION: LOADADDON
ACTION: LOADADDON
ACTION: LOADADDON
ACTION: LOADADDON
ACTION: LOADADDON
ACTION: LOADADDON
ACTION: LOADADDON
ACTION: LOADADDON
ACTION: LOADADDON
ACTION: LOADADDON
ACTION: LOADADDON
ACTION: LOADADDON
ACTION: LOADADDON
ACTION: LOADADDON
ACTION: LOADADDON
ACTION: PAGECONTROL: CREATE
ACTION: OPENLAYOUT: /ump/fldmd/home/mhcarpen/runge-kutta-test/tecplot scripts/err1.lay
ACTION: PAGECONTROL: CREATE
ACTION: READDATASET: "/ump/fldmd/home/mhcarpen/runge-kutta-test/Code/IMEX/Broadwell/ESDIRK548L[2]SA/Broadwell_ESDIRK548L[2]SA_3.dat"
ACTION: REDRAWALL
ACTION: EXPORT
